<?xml version="1.0" encoding="UTF-8"?>
<testsuite name="org.biojava.nbio.sequencing.io.fastq.FastqToolsTest" time="0.618" tests="28" errors="0" skipped="0" failures="0">
  <properties>
[...]
</properties>
  <testcase name="testErrorProbabilitiesNullFastq" classname="org.biojava.nbio.sequencing.io.fastq.FastqToolsTest" time="0.002"/>
  <testcase name="testErrorProbabilitiesDoubleArray" classname="org.biojava.nbio.sequencing.io.fastq.FastqToolsTest" time="0.001"/>
  <testcase name="testCreateErrorProbabilitiesNullFastq" classname="org.biojava.nbio.sequencing.io.fastq.FastqToolsTest" time="0"/>
  <testcase name="testCreateDNASequenceWithErrorProbabilies" classname="org.biojava.nbio.sequencing.io.fastq.FastqToolsTest" time="0.575"/>
  <testcase name="testQualityScoresIntArrayNullFastq" classname="org.biojava.nbio.sequencing.io.fastq.FastqToolsTest" time="0"/>
  <testcase name="testQualityScoresQualityScoresTooLarge" classname="org.biojava.nbio.sequencing.io.fastq.FastqToolsTest" time="0.002"/>
  <testcase name="testQualityScoresQualityScoresTooSmall" classname="org.biojava.nbio.sequencing.io.fastq.FastqToolsTest" time="0"/>
  <testcase name="testQualityScoresNullIntArray" classname="org.biojava.nbio.sequencing.io.fastq.FastqToolsTest" time="0.002"/>
  <testcase name="testCreateQualityScores" classname="org.biojava.nbio.sequencing.io.fastq.FastqToolsTest" time="0.001"/>
  <testcase name="testCreateErrorProbabilities" classname="org.biojava.nbio.sequencing.io.fastq.FastqToolsTest" time="0.001"/>
  <testcase name="testCreateDNASequenceNullFastq" classname="org.biojava.nbio.sequencing.io.fastq.FastqToolsTest" time="0.002"/>
  <testcase name="testCreateQualityScoresNullFastq" classname="org.biojava.nbio.sequencing.io.fastq.FastqToolsTest" time="0"/>
  <testcase name="testQualityScoresNullFastq" classname="org.biojava.nbio.sequencing.io.fastq.FastqToolsTest" time="0.002"/>
  <testcase name="testCreateDNASequenceWithQualityScoresAndErrorProbabilitiesNullFastq" classname="org.biojava.nbio.sequencing.io.fastq.FastqToolsTest" time="0"/>
  <testcase name="testErrorProbabilitiesNullErrorProbabilities" classname="org.biojava.nbio.sequencing.io.fastq.FastqToolsTest" time="0.001"/>
  <testcase name="testToListNotAList" classname="org.biojava.nbio.sequencing.io.fastq.FastqToolsTest" time="0.003"/>
  <testcase name="testQualityScores" classname="org.biojava.nbio.sequencing.io.fastq.FastqToolsTest" time="0.016"/>
  <testcase name="testErrorProbabilitiesErrorProbabilitiesTooLarge" classname="org.biojava.nbio.sequencing.io.fastq.FastqToolsTest" time="0.001"/>
  <testcase name="testErrorProbabilitiesErrorProbabilitiesTooSmall" classname="org.biojava.nbio.sequencing.io.fastq.FastqToolsTest" time="0.001"/>
  <testcase name="testErrorProbabilitiesDoubleArrayNullFastq" classname="org.biojava.nbio.sequencing.io.fastq.FastqToolsTest" time="0.003"/>
  <testcase name="testCreateDNASequence" classname="org.biojava.nbio.sequencing.io.fastq.FastqToolsTest" time="0"/>
  <testcase name="testCreateDNASequenceWithQualityScoresAndErrorProbabilities" classname="org.biojava.nbio.sequencing.io.fastq.FastqToolsTest" time="0.001"/>
  <testcase name="testCreateDNASequenceWithQualityScores" classname="org.biojava.nbio.sequencing.io.fastq.FastqToolsTest" time="0.001"/>
  <testcase name="testQualityScoresIntArray" classname="org.biojava.nbio.sequencing.io.fastq.FastqToolsTest" time="0"/>
  <testcase name="testCreateDNASequenceWithErrorProbabilitiesNullFastq" classname="org.biojava.nbio.sequencing.io.fastq.FastqToolsTest" time="0"/>
  <testcase name="testToList" classname="org.biojava.nbio.sequencing.io.fastq.FastqToolsTest" time="0.001"/>
  <testcase name="testCreateDNASequenceWithQualityScoresNullFastq" classname="org.biojava.nbio.sequencing.io.fastq.FastqToolsTest" time="0.001"/>
  <testcase name="testErrorProbabilities" classname="org.biojava.nbio.sequencing.io.fastq.FastqToolsTest" time="0.001"/>
</testsuite>